2021-01-21 16:04:49.071  INFO 30311 --- [main] c.h.a.c.CustomScannersServiceApplication : Starting CustomScannersServiceApplication on epaaann with PID 30311 (/home/evan/.vscode/extensions/hcltechnologies.hclappscancodesweep-1.1.3/lib/custom-scanners-service-1.0.10.jar started by evan in /home/evan/IdeaProjects/tes-fusion/tis)
2021-01-21 16:04:49.536  INFO 30311 --- [main] c.h.a.c.CustomScannersServiceApplication : No active profile set, falling back to default profiles: default
2021-01-21 16:05:02.338  INFO 30311 --- [main] o.s.b.w.embedded.tomcat.TomcatWebServer  : Tomcat initialized with port(s): 9221 (http)
2021-01-21 16:05:02.349  INFO 30311 --- [main] o.apache.catalina.core.StandardService   : Starting service [Tomcat]
2021-01-21 16:05:02.350  INFO 30311 --- [main] org.apache.catalina.core.StandardEngine  : Starting Servlet engine: [Apache Tomcat/9.0.29]
2021-01-21 16:05:02.626  INFO 30311 --- [main] o.a.c.c.C.[Tomcat].[localhost].[/]       : Initializing Spring embedded WebApplicationContext
2021-01-21 16:05:02.626 DEBUG 30311 --- [main] o.s.web.context.ContextLoader            : Published root WebApplicationContext as ServletContext attribute with name [org.springframework.web.context.WebApplicationContext.ROOT]
2021-01-21 16:05:02.626  INFO 30311 --- [main] o.s.web.context.ContextLoader            : Root WebApplicationContext: initialization completed in 11850 ms
2021-01-21 16:05:03.065 DEBUG 30311 --- [main] o.s.b.w.s.ServletContextInitializerBeans : Mapping filters: filterRegistrationBean urls=[/*] order=-2147483647, characterEncodingFilter urls=[/*] order=-2147483648, formContentFilter urls=[/*] order=-9900, requestContextFilter urls=[/*] order=-105
2021-01-21 16:05:03.066 DEBUG 30311 --- [main] o.s.b.w.s.ServletContextInitializerBeans : Mapping servlets: dispatcherServlet urls=[/]
2021-01-21 16:05:05.811 DEBUG 30311 --- [main] s.w.s.m.m.a.RequestMappingHandlerMapping : 19 mappings in 'requestMappingHandlerMapping'
2021-01-21 16:05:05.894  INFO 30311 --- [main] o.s.b.a.e.web.EndpointLinksResolver      : Exposing 2 endpoint(s) beneath base path '/actuator'
2021-01-21 16:05:06.128  INFO 30311 --- [main] pertySourcedRequestMappingHandlerMapping : Mapped URL path [/v2/api-docs] onto method [springfox.documentation.swagger2.web.Swagger2Controller#getDocumentation(String, HttpServletRequest)]
2021-01-21 16:05:06.317  INFO 30311 --- [main] o.s.s.concurrent.ThreadPoolTaskExecutor  : Initializing ExecutorService 'applicationTaskExecutor'
2021-01-21 16:05:06.367 DEBUG 30311 --- [main] s.w.s.m.m.a.RequestMappingHandlerAdapter : ControllerAdvice beans: 0 @ModelAttribute, 0 @InitBinder, 1 RequestBodyAdvice, 1 ResponseBodyAdvice
2021-01-21 16:05:06.654 DEBUG 30311 --- [main] o.s.w.s.handler.SimpleUrlHandlerMapping  : Patterns [/webjars/**, /**] in 'resourceHandlerMapping'
2021-01-21 16:05:06.669 DEBUG 30311 --- [main] .m.m.a.ExceptionHandlerExceptionResolver : ControllerAdvice beans: 1 @ExceptionHandler, 1 ResponseBodyAdvice
2021-01-21 16:05:06.754  INFO 30311 --- [main] d.s.w.p.DocumentationPluginsBootstrapper : Context refreshed
2021-01-21 16:05:06.937  INFO 30311 --- [main] d.s.w.p.DocumentationPluginsBootstrapper : Found 1 custom documentation plugin(s)
2021-01-21 16:05:07.014  INFO 30311 --- [main] s.d.s.w.s.ApiListingReferenceScanner     : Scanning for api listing references
2021-01-21 16:05:07.752  INFO 30311 --- [main] o.s.b.w.embedded.tomcat.TomcatWebServer  : Tomcat started on port(s): 9221 (http) with context path ''
2021-01-21 16:05:07.759  INFO 30311 --- [main] c.h.a.c.CustomScannersServiceApplication : Started CustomScannersServiceApplication in 29.984 seconds (JVM running for 38.281)
2021-01-21 16:05:08.003  INFO 30311 --- [http-nio-9221-exec-1] o.a.c.c.C.[Tomcat].[localhost].[/]       : Initializing Spring DispatcherServlet 'dispatcherServlet'
2021-01-21 16:05:08.004  INFO 30311 --- [http-nio-9221-exec-1] o.s.web.servlet.DispatcherServlet        : Initializing Servlet 'dispatcherServlet'
2021-01-21 16:05:08.005 DEBUG 30311 --- [http-nio-9221-exec-1] o.s.web.servlet.DispatcherServlet        : Detected StandardServletMultipartResolver
2021-01-21 16:05:08.022 DEBUG 30311 --- [http-nio-9221-exec-1] o.s.web.servlet.DispatcherServlet        : enableLoggingRequestDetails='false': request parameters and headers will be masked to prevent unsafe logging of potentially sensitive data
2021-01-21 16:05:08.022  INFO 30311 --- [http-nio-9221-exec-1] o.s.web.servlet.DispatcherServlet        : Completed initialization in 18 ms
2021-01-21 16:05:08.035 DEBUG 30311 --- [http-nio-9221-exec-1] o.s.web.servlet.DispatcherServlet        : GET "/v1/scanRules", parameters={}
2021-01-21 16:05:08.062 DEBUG 30311 --- [http-nio-9221-exec-1] s.w.s.m.m.a.RequestMappingHandlerMapping : Mapped to com.hcl.appscan.customscannersservice.controller.CustomScannersController#getScanRules(String[])
2021-01-21 16:05:08.086 DEBUG 30311 --- [http-nio-9221-exec-1] o.s.w.s.m.m.a.HttpEntityMethodProcessor  : Using 'application/json', given [application/json] and supported [application/json]
2021-01-21 16:05:08.094 DEBUG 30311 --- [http-nio-9221-exec-1] o.s.w.s.m.m.a.HttpEntityMethodProcessor  : Writing [{Golang={com.ouncelabs.languagelite.golang.rules.CommMisconfig=CustomScannersServiceScanRule{ruleNam (truncated)...]
2021-01-21 16:05:08.168 DEBUG 30311 --- [http-nio-9221-exec-1] o.s.web.servlet.DispatcherServlet        : Completed 200 OK
2021-01-21 16:09:00.611  INFO 31268 --- [main] c.h.a.c.CustomScannersServiceApplication : Starting CustomScannersServiceApplication on epaaann with PID 31268 (/home/evan/.vscode/extensions/hcltechnologies.hclappscancodesweep-1.1.3/lib/custom-scanners-service-1.0.10.jar started by evan in /home/evan/IdeaProjects/tes-fusion/tis)
2021-01-21 16:09:00.619  INFO 31268 --- [main] c.h.a.c.CustomScannersServiceApplication : No active profile set, falling back to default profiles: default
2021-01-21 16:09:07.696  INFO 31268 --- [main] o.s.b.w.embedded.tomcat.TomcatWebServer  : Tomcat initialized with port(s): 9221 (http)
2021-01-21 16:09:07.738  INFO 31268 --- [main] o.apache.catalina.core.StandardService   : Starting service [Tomcat]
2021-01-21 16:09:07.738  INFO 31268 --- [main] org.apache.catalina.core.StandardEngine  : Starting Servlet engine: [Apache Tomcat/9.0.29]
2021-01-21 16:09:07.895  INFO 31268 --- [main] o.a.c.c.C.[Tomcat].[localhost].[/]       : Initializing Spring embedded WebApplicationContext
2021-01-21 16:09:07.896 DEBUG 31268 --- [main] o.s.web.context.ContextLoader            : Published root WebApplicationContext as ServletContext attribute with name [org.springframework.web.context.WebApplicationContext.ROOT]
2021-01-21 16:09:07.896  INFO 31268 --- [main] o.s.web.context.ContextLoader            : Root WebApplicationContext: initialization completed in 7181 ms
2021-01-21 16:09:08.608 DEBUG 31268 --- [main] o.s.b.w.s.ServletContextInitializerBeans : Mapping filters: filterRegistrationBean urls=[/*] order=-2147483647, characterEncodingFilter urls=[/*] order=-2147483648, formContentFilter urls=[/*] order=-9900, requestContextFilter urls=[/*] order=-105
2021-01-21 16:09:08.618 DEBUG 31268 --- [main] o.s.b.w.s.ServletContextInitializerBeans : Mapping servlets: dispatcherServlet urls=[/]
2021-01-21 16:09:12.277 DEBUG 31268 --- [main] s.w.s.m.m.a.RequestMappingHandlerMapping : 19 mappings in 'requestMappingHandlerMapping'
2021-01-21 16:09:12.356  INFO 31268 --- [main] o.s.b.a.e.web.EndpointLinksResolver      : Exposing 2 endpoint(s) beneath base path '/actuator'
2021-01-21 16:09:12.719  INFO 31268 --- [main] pertySourcedRequestMappingHandlerMapping : Mapped URL path [/v2/api-docs] onto method [springfox.documentation.swagger2.web.Swagger2Controller#getDocumentation(String, HttpServletRequest)]
2021-01-21 16:09:13.036  INFO 31268 --- [main] o.s.s.concurrent.ThreadPoolTaskExecutor  : Initializing ExecutorService 'applicationTaskExecutor'
2021-01-21 16:09:13.081 DEBUG 31268 --- [main] s.w.s.m.m.a.RequestMappingHandlerAdapter : ControllerAdvice beans: 0 @ModelAttribute, 0 @InitBinder, 1 RequestBodyAdvice, 1 ResponseBodyAdvice
2021-01-21 16:09:13.413 DEBUG 31268 --- [main] o.s.w.s.handler.SimpleUrlHandlerMapping  : Patterns [/webjars/**, /**] in 'resourceHandlerMapping'
2021-01-21 16:09:13.474 DEBUG 31268 --- [main] .m.m.a.ExceptionHandlerExceptionResolver : ControllerAdvice beans: 1 @ExceptionHandler, 1 ResponseBodyAdvice
2021-01-21 16:09:13.731  INFO 31268 --- [main] d.s.w.p.DocumentationPluginsBootstrapper : Context refreshed
2021-01-21 16:09:13.852  INFO 31268 --- [main] d.s.w.p.DocumentationPluginsBootstrapper : Found 1 custom documentation plugin(s)
2021-01-21 16:09:13.995  INFO 31268 --- [main] s.d.s.w.s.ApiListingReferenceScanner     : Scanning for api listing references
2021-01-21 16:09:14.705  INFO 31268 --- [main] o.s.b.w.embedded.tomcat.TomcatWebServer  : Tomcat started on port(s): 9221 (http) with context path ''
2021-01-21 16:09:14.729  INFO 31268 --- [main] c.h.a.c.CustomScannersServiceApplication : Started CustomScannersServiceApplication in 15.694 seconds (JVM running for 16.666)
2021-01-21 16:09:14.950  INFO 31268 --- [http-nio-9221-exec-1] o.a.c.c.C.[Tomcat].[localhost].[/]       : Initializing Spring DispatcherServlet 'dispatcherServlet'
2021-01-21 16:09:14.953  INFO 31268 --- [http-nio-9221-exec-1] o.s.web.servlet.DispatcherServlet        : Initializing Servlet 'dispatcherServlet'
2021-01-21 16:09:14.955 DEBUG 31268 --- [http-nio-9221-exec-1] o.s.web.servlet.DispatcherServlet        : Detected StandardServletMultipartResolver
2021-01-21 16:09:14.970 DEBUG 31268 --- [http-nio-9221-exec-1] o.s.web.servlet.DispatcherServlet        : enableLoggingRequestDetails='false': request parameters and headers will be masked to prevent unsafe logging of potentially sensitive data
2021-01-21 16:09:14.971  INFO 31268 --- [http-nio-9221-exec-1] o.s.web.servlet.DispatcherServlet        : Completed initialization in 17 ms
2021-01-21 16:09:14.990 DEBUG 31268 --- [http-nio-9221-exec-1] o.s.web.servlet.DispatcherServlet        : GET "/v1/scanRules", parameters={}
2021-01-21 16:09:15.007 DEBUG 31268 --- [http-nio-9221-exec-1] s.w.s.m.m.a.RequestMappingHandlerMapping : Mapped to com.hcl.appscan.customscannersservice.controller.CustomScannersController#getScanRules(String[])
2021-01-21 16:09:15.049 DEBUG 31268 --- [http-nio-9221-exec-1] o.s.w.s.m.m.a.HttpEntityMethodProcessor  : Using 'application/json', given [application/json] and supported [application/json]
2021-01-21 16:09:15.069 DEBUG 31268 --- [http-nio-9221-exec-1] o.s.w.s.m.m.a.HttpEntityMethodProcessor  : Writing [{Golang={com.ouncelabs.languagelite.golang.rules.CommMisconfig=CustomScannersServiceScanRule{ruleNam (truncated)...]
2021-01-21 16:09:15.193 DEBUG 31268 --- [http-nio-9221-exec-1] o.s.web.servlet.DispatcherServlet        : Completed 200 OK
